<?xml version="1.0" encoding="UTF-8"?>
<testng-results ignored="0" total="1" passed="1" failed="0" skipped="0">
  <reporter-output>
  </reporter-output>
  <suite started-at="2025-02-13T18:58:55 IST" name="Default suite" finished-at="2025-02-13T18:59:12 IST" duration-ms="17095">
    <groups>
    </groups>
    <test started-at="2025-02-13T18:58:55 IST" name="Default test" finished-at="2025-02-13T18:59:12 IST" duration-ms="17095">
      <class name="tests.Catalog">
        <test-method is-config="true" signature="setupTest()[pri:0, instance:tests.Catalog@bcec361]" started-at="2025-02-13T18:58:55 IST" name="setupTest" finished-at="2025-02-13T18:58:56 IST" duration-ms="1256" status="PASS">
          <reporter-output>
          </reporter-output>
        </test-method> <!-- setupTest -->
        <test-method signature="loginPageTestCase()[pri:0, instance:tests.Catalog@bcec361]" started-at="2025-02-13T18:58:56 IST" name="loginPageTestCase" finished-at="2025-02-13T18:59:12 IST" duration-ms="15806" status="PASS">
          <reporter-output>
          </reporter-output>
        </test-method> <!-- loginPageTestCase -->
        <test-method is-config="true" signature="tearDownTest()[pri:0, instance:tests.Catalog@bcec361]" started-at="2025-02-13T18:59:12 IST" name="tearDownTest" finished-at="2025-02-13T18:59:12 IST" duration-ms="2" status="PASS">
          <reporter-output>
          </reporter-output>
        </test-method> <!-- tearDownTest -->
      </class> <!-- tests.Catalog -->
    </test> <!-- Default test -->
  </suite> <!-- Default suite -->
</testng-results>
